<?xml version="1.0" encoding="UTF-8"?>
<!-- Generated by org.testng.reporters.JUnitReportReporter -->
<testsuite skipped="0" hostname="LAPTOP-ME982STI" name="com.testcases.OrangeHrmLoginTest" tests="1" failures="0" timestamp="16 Sep 2020 08:40:08 GMT" time="5.078" errors="0">
  <testcase name="login" time="5.078" classname="com.testcases.OrangeHrmLoginTest"/>
</testsuite> <!-- com.testcases.OrangeHrmLoginTest -->
