<?xml version="1.0" encoding="UTF-8"?>
<!-- Generated by org.testng.reporters.JUnitReportReporter -->
<testsuite skipped="0" hostname="LAPTOP-ME982STI" name="com.testcases.FlipkartLoginTest" tests="1" failures="0" timestamp="16 Sep 2020 08:08:33 GMT" time="0.567" errors="0">
  <testcase name="login" time="0.567" classname="com.testcases.FlipkartLoginTest"/>
</testsuite> <!-- com.testcases.FlipkartLoginTest -->
