<?xml version="1.0" encoding="UTF-8"?>
<testsuite xmlns:xsi="http://www.w3.org/2001/XMLSchema-instance" xsi:noNamespaceSchemaLocation="https://maven.apache.org/surefire/maven-surefire-plugin/xsd/surefire-test-report.xsd" name="TestSuite" time="69.475" tests="4" errors="0" skipped="0" failures="1">
  <properties>
    <property name="java.runtime.name" value="Java(TM) SE Runtime Environment"/>
    <property name="sun.boot.library.path" value="C:\Program Files\Java\jre1.8.0_202\bin"/>
    <property name="java.vm.version" value="25.202-b08"/>
    <property name="java.vm.vendor" value="Oracle Corporation"/>
    <property name="maven.multiModuleProjectDirectory" value="C:\Users\MONAGARI SAI\git\selenium\hybrid_cucumber"/>
    <property name="java.vendor.url" value="http://java.oracle.com/"/>
    <property name="path.separator" value=";"/>
    <property name="guice.disable.misplaced.annotation.check" value="true"/>
    <property name="java.vm.name" value="Java HotSpot(TM) 64-Bit Server VM"/>
    <property name="file.encoding.pkg" value="sun.io"/>
    <property name="user.script" value=""/>
    <property name="user.country" value="IN"/>
    <property name="sun.java.launcher" value="SUN_STANDARD"/>
    <property name="sun.os.patch.level" value=""/>
    <property name="java.vm.specification.name" value="Java Virtual Machine Specification"/>
    <property name="user.dir" value="C:\Users\MONAGARI SAI\git\selenium\hybrid_cucumber"/>
    <property name="java.runtime.version" value="1.8.0_202-b08"/>
    <property name="java.awt.graphicsenv" value="sun.awt.Win32GraphicsEnvironment"/>
    <property name="java.endorsed.dirs" value="C:\Program Files\Java\jre1.8.0_202\lib\endorsed"/>
    <property name="os.arch" value="amd64"/>
    <property name="java.io.tmpdir" value="C:\Users\MONAGA~1\AppData\Local\Temp\"/>
    <property name="line.separator" value="&#10;"/>
    <property name="java.vm.specification.vendor" value="Oracle Corporation"/>
    <property name="user.variant" value=""/>
    <property name="os.name" value="Windows 10"/>
    <property name="classworlds.conf" value="D:\capgeminiworkspace\.metadata\.plugins\org.eclipse.m2e.launching\launches\m2conf2940669804226443323.tmp"/>
    <property name="jansi.force" value="true"/>
    <property name="sun.jnu.encoding" value="Cp1252"/>
    <property name="java.library.path" value="C:\Program Files\Java\jre1.8.0_202\bin;C:\windows\Sun\Java\bin;C:\windows\system32;C:\windows;C:/Users/MONAGARI SAI/Downloads/jdk-11.0.8/bin/server;C:/Users/MONAGARI SAI/Downloads/jdk-11.0.8/bin;C:\Users\MONAGARI SAI\Downloads\jdk-11.0.8\bin;D:\app\MONAGARISAI\product\11.2.0\dbhome_1\bin;C:\Program Files (x86)\Common Files\Oracle\Java\javapath;C:\windows\system32;C:\windows;C:\windows\System32\Wbem;C:\windows\System32\WindowsPowerShell\v1.0\;C:\windows\System32\OpenSSH\;C:\Program Files\Git\cmd;C:\Program Files\nodejs\;C:\Program Files\Java\jdk1.8.0_202\bin;C:\Users\MONAGARI SAI\Downloads;C:\Users\MONAGARI SAI\Downloads\apachemaven\apache-maven-3.6.3\bin;D:\Softwares\sonar-scanner-4.4.0.2170-windows\bin;C:\Users\MONAGARI SAI\AppData\Local\Microsoft\WindowsApps;C:\Users\MONAGARI SAI\AppData\Local\Programs\Microsoft VS Code\bin;C:\Users\MONAGARI SAI\AppData\Roaming\npm;;D:\Softwares\sts-4.7.0.RELEASE;;."/>
    <property name="jansi.passthrough" value="true"/>
    <property name="java.specification.name" value="Java Platform API Specification"/>
    <property name="java.class.version" value="52.0"/>
    <property name="sun.management.compiler" value="HotSpot 64-Bit Tiered Compilers"/>
    <property name="os.version" value="10.0"/>
    <property name="user.home" value="C:\Users\MONAGARI SAI"/>
    <property name="user.timezone" value="Asia/Calcutta"/>
    <property name="java.awt.printerjob" value="sun.awt.windows.WPrinterJob"/>
    <property name="java.specification.version" value="1.8"/>
    <property name="file.encoding" value="Cp1252"/>
    <property name="user.name" value="MONAGARI SAI"/>
    <property name="java.class.path" value="D:\Softwares\sts-4.7.0.RELEASE\plugins\org.eclipse.m2e.maven.runtime_1.16.0.20200610-1735\jars\plexus-classworlds-2.6.0.jar"/>
    <property name="java.vm.specification.version" value="1.8"/>
    <property name="sun.arch.data.model" value="64"/>
    <property name="java.home" value="C:\Program Files\Java\jre1.8.0_202"/>
    <property name="sun.java.command" value="org.codehaus.plexus.classworlds.launcher.Launcher -B test -Dstyle.color=always"/>
    <property name="java.specification.vendor" value="Oracle Corporation"/>
    <property name="user.language" value="en"/>
    <property name="awt.toolkit" value="sun.awt.windows.WToolkit"/>
    <property name="java.vm.info" value="mixed mode"/>
    <property name="java.version" value="1.8.0_202"/>
    <property name="java.ext.dirs" value="C:\Program Files\Java\jre1.8.0_202\lib\ext;C:\windows\Sun\Java\lib\ext"/>
    <property name="sun.boot.class.path" value="C:\Program Files\Java\jre1.8.0_202\lib\resources.jar;C:\Program Files\Java\jre1.8.0_202\lib\rt.jar;C:\Program Files\Java\jre1.8.0_202\lib\sunrsasign.jar;C:\Program Files\Java\jre1.8.0_202\lib\jsse.jar;C:\Program Files\Java\jre1.8.0_202\lib\jce.jar;C:\Program Files\Java\jre1.8.0_202\lib\charsets.jar;C:\Program Files\Java\jre1.8.0_202\lib\jfr.jar;C:\Program Files\Java\jre1.8.0_202\classes"/>
    <property name="java.vendor" value="Oracle Corporation"/>
    <property name="maven.home" value="C:\Users\MONAGARI SAI\git\selenium\hybrid_cucumber\EMBEDDED"/>
    <property name="style.color" value="always"/>
    <property name="file.separator" value="\"/>
    <property name="java.vendor.url.bug" value="http://bugreport.sun.com/bugreport/"/>
    <property name="sun.cpu.endian" value="little"/>
    <property name="sun.io.unicode.encoding" value="UnicodeLittle"/>
    <property name="sun.desktop" value="windows"/>
    <property name="sun.cpu.isalist" value="amd64"/>
  </properties>
  <testcase name="runScenario" classname="com.test_runner.TestRunner" time="26.608"/>
  <testcase name="runScenario" classname="com.test_runner.TestRunner" time="19.509"/>
  <testcase name="runScenario" classname="com.test_runner.TestRunner" time="18.481"/>
  <testcase name="Extentsreport" classname="com.test_runner.TestRunner" time="18.51">
    <failure type="java.lang.NullPointerException">java.lang.NullPointerException
	at com.test_runner.TestRunner.Extentsreport(TestRunner.java:38)
</failure>
  </testcase>
</testsuite>